0 info it worked if it ends with ok
1 verbose cli [ '/usr/local/Cellar/node@6/6.9.1/bin/node',
1 verbose cli   '/usr/local/bin/npm',
1 verbose cli   'run',
1 verbose cli   'lint' ]
2 info using npm@4.0.5
3 info using node@v6.9.1
4 verbose run-script [ 'prelint', 'lint', 'postlint' ]
5 info lifecycle pinkwebdev-seed@1.0.0-beta.1~prelint: pinkwebdev-seed@1.0.0-beta.1
6 silly lifecycle pinkwebdev-seed@1.0.0-beta.1~prelint: no script for prelint, continuing
7 info lifecycle pinkwebdev-seed@1.0.0-beta.1~lint: pinkwebdev-seed@1.0.0-beta.1
8 verbose lifecycle pinkwebdev-seed@1.0.0-beta.1~lint: unsafe-perm in lifecycle true
9 verbose lifecycle pinkwebdev-seed@1.0.0-beta.1~lint: PATH: /usr/local/lib/node_modules/npm/bin/node-gyp-bin:/Users/stinaqvarnstrom/workspace/pink-web-dev/excercises/pinkwebdev-seed/node_modules/.bin:/usr/local/bin:/usr/local/bin:/usr/bin:/bin:/usr/sbin:/sbin
10 verbose lifecycle pinkwebdev-seed@1.0.0-beta.1~lint: CWD: /Users/stinaqvarnstrom/workspace/pink-web-dev/excercises/pinkwebdev-seed
11 silly lifecycle pinkwebdev-seed@1.0.0-beta.1~lint: Args: [ '-c', 'eslint -c .eslintrc.json src/' ]
12 silly lifecycle pinkwebdev-seed@1.0.0-beta.1~lint: Returned: code: 1  signal: null
13 info lifecycle pinkwebdev-seed@1.0.0-beta.1~lint: Failed to exec lint script
14 verbose stack Error: pinkwebdev-seed@1.0.0-beta.1 lint: `eslint -c .eslintrc.json src/`
14 verbose stack Exit status 1
14 verbose stack     at EventEmitter.<anonymous> (/usr/local/lib/node_modules/npm/lib/utils/lifecycle.js:279:16)
14 verbose stack     at emitTwo (events.js:106:13)
14 verbose stack     at EventEmitter.emit (events.js:191:7)
14 verbose stack     at ChildProcess.<anonymous> (/usr/local/lib/node_modules/npm/lib/utils/spawn.js:40:14)
14 verbose stack     at emitTwo (events.js:106:13)
14 verbose stack     at ChildProcess.emit (events.js:191:7)
14 verbose stack     at maybeClose (internal/child_process.js:877:16)
14 verbose stack     at Process.ChildProcess._handle.onexit (internal/child_process.js:226:5)
15 verbose pkgid pinkwebdev-seed@1.0.0-beta.1
16 verbose cwd /Users/stinaqvarnstrom/workspace/pink-web-dev/excercises/pinkwebdev-seed
17 error Darwin 16.4.0
18 error argv "/usr/local/Cellar/node@6/6.9.1/bin/node" "/usr/local/bin/npm" "run" "lint"
19 error node v6.9.1
20 error npm  v4.0.5
21 error code ELIFECYCLE
22 error pinkwebdev-seed@1.0.0-beta.1 lint: `eslint -c .eslintrc.json src/`
22 error Exit status 1
23 error Failed at the pinkwebdev-seed@1.0.0-beta.1 lint script 'eslint -c .eslintrc.json src/'.
23 error Make sure you have the latest version of node.js and npm installed.
23 error If you do, this is most likely a problem with the pinkwebdev-seed package,
23 error not with npm itself.
23 error Tell the author that this fails on your system:
23 error     eslint -c .eslintrc.json src/
23 error You can get information on how to open an issue for this project with:
23 error     npm bugs pinkwebdev-seed
23 error Or if that isn't available, you can get their info via:
23 error     npm owner ls pinkwebdev-seed
23 error There is likely additional logging output above.
24 verbose exit [ 1, true ]
